0 info it worked if it ends with ok
1 verbose cli [ '/usr/local/bin/node', '/usr/local/bin/npm', 'run', 'test' ]
2 info using npm@3.10.3
3 info using node@v6.6.0
4 verbose run-script [ 'pretest', 'test', 'posttest' ]
5 info lifecycle whotalk-backend@1.0.0~pretest: whotalk-backend@1.0.0
6 silly lifecycle whotalk-backend@1.0.0~pretest: no script for pretest, continuing
7 info lifecycle whotalk-backend@1.0.0~test: whotalk-backend@1.0.0
8 verbose lifecycle whotalk-backend@1.0.0~test: unsafe-perm in lifecycle true
9 verbose lifecycle whotalk-backend@1.0.0~test: PATH: /usr/local/lib/node_modules/npm/bin/node-gyp-bin:/home/velopert/workspace/whotalk.us/whotalk-backend/node_modules/.bin:/usr/local/bin:/home/velopert/bin:/home/velopert/.local/bin:/usr/local/sbin:/usr/local/bin:/usr/sbin:/usr/bin:/sbin:/bin:/usr/games:/usr/local/games:/snap/bin
10 verbose lifecycle whotalk-backend@1.0.0~test: CWD: /home/velopert/workspace/whotalk.us/whotalk-backend
11 silly lifecycle whotalk-backend@1.0.0~test: Args: [ '-c', 'echo "Error: no test specified" && exit 1' ]
12 silly lifecycle whotalk-backend@1.0.0~test: Returned: code: 1  signal: null
13 info lifecycle whotalk-backend@1.0.0~test: Failed to exec test script
14 verbose stack Error: whotalk-backend@1.0.0 test: `echo "Error: no test specified" && exit 1`
14 verbose stack Exit status 1
14 verbose stack     at EventEmitter.<anonymous> (/usr/local/lib/node_modules/npm/lib/utils/lifecycle.js:242:16)
14 verbose stack     at emitTwo (events.js:106:13)
14 verbose stack     at EventEmitter.emit (events.js:191:7)
14 verbose stack     at ChildProcess.<anonymous> (/usr/local/lib/node_modules/npm/lib/utils/spawn.js:40:14)
14 verbose stack     at emitTwo (events.js:106:13)
14 verbose stack     at ChildProcess.emit (events.js:191:7)
14 verbose stack     at maybeClose (internal/child_process.js:877:16)
14 verbose stack     at Process.ChildProcess._handle.onexit (internal/child_process.js:226:5)
15 verbose pkgid whotalk-backend@1.0.0
16 verbose cwd /home/velopert/workspace/whotalk.us/whotalk-backend
17 error Linux 4.4.0-31-generic
18 error argv "/usr/local/bin/node" "/usr/local/bin/npm" "run" "test"
19 error node v6.6.0
20 error npm  v3.10.3
21 error code ELIFECYCLE
22 error whotalk-backend@1.0.0 test: `echo "Error: no test specified" && exit 1`
22 error Exit status 1
23 error Failed at the whotalk-backend@1.0.0 test script 'echo "Error: no test specified" && exit 1'.
23 error Make sure you have the latest version of node.js and npm installed.
23 error If you do, this is most likely a problem with the whotalk-backend package,
23 error not with npm itself.
23 error Tell the author that this fails on your system:
23 error     echo "Error: no test specified" && exit 1
23 error You can get information on how to open an issue for this project with:
23 error     npm bugs whotalk-backend
23 error Or if that isn't available, you can get their info via:
23 error     npm owner ls whotalk-backend
23 error There is likely additional logging output above.
24 verbose exit [ 1, true ]
